<?xml version="1.0" encoding="UTF-8"?>
<!-- Generated by org.testng.reporters.JUnitReportReporter -->
<testsuite skipped="0" hostname="Manimala-LAPTOP" name="TC_05" tests="1" failures="0" timestamp="18 Sep 2020 18:26:57 GMT" time="6.253" errors="0">
  <testcase name="extractingAllNodesValues" time="6.253" classname="TC_05"/>
</testsuite> <!-- TC_05 -->
