<?xml version="1.0" encoding="UTF-8"?>
<!-- Generated by org.testng.reporters.JUnitReportReporter -->
<testsuite skipped="0" hostname="Manimala-LAPTOP" name="Data_Driven_Testing.Data_Driven_Restful" tests="3" failures="0" timestamp="18 Sep 2020 20:02:04 GMT" time="8.891" errors="0">
  <testcase name="addNewEmployees" time="5.805" classname="Data_Driven_Testing.Data_Driven_Restful"/>
  <testcase name="addNewEmployees" time="1.802" classname="Data_Driven_Testing.Data_Driven_Restful"/>
  <testcase name="addNewEmployees" time="1.284" classname="Data_Driven_Testing.Data_Driven_Restful"/>
</testsuite> <!-- Data_Driven_Testing.Data_Driven_Restful -->
