<?xml version="1.0" encoding="UTF-8"?>
<!-- Generated by org.testng.reporters.JUnitReportReporter -->
<testsuite skipped="0" hostname="Manimala-LAPTOP" name="TC_02" tests="1" failures="0" timestamp="17 Sep 2020 15:24:50 GMT" time="8.589" errors="0">
  <testcase name="creatingEmployees" time="8.589" classname="TC_02"/>
</testsuite> <!-- TC_02 -->
