<?xml version="1.0" encoding="UTF-8"?>
<!-- Generated by org.testng.reporters.JUnitReportReporter -->
<testsuite skipped="0" hostname="Manimala-LAPTOP" name="TC_03" tests="1" failures="0" timestamp="18 Sep 2020 17:23:01 GMT" time="6.542" errors="0">
  <testcase name="getAllHeaders" time="6.542" classname="TC_03"/>
</testsuite> <!-- TC_03 -->
