<?xml version="1.0" encoding="UTF-8"?>
<!-- Generated by org.testng.reporters.JUnitReportReporter -->
<testsuite skipped="0" hostname="Manimala-LAPTOP" name="TC_04" tests="1" failures="0" timestamp="18 Sep 2020 18:22:54 GMT" time="6.406" errors="0">
  <testcase name="verifyJsonBody" time="6.406" classname="TC_04"/>
</testsuite> <!-- TC_04 -->
