<?xml version="1.0" encoding="UTF-8"?>
<!-- Generated by org.testng.reporters.JUnitReportReporter -->
<testsuite skipped="0" hostname="Manimala-LAPTOP" name="TC_06" tests="1" failures="0" timestamp="18 Sep 2020 18:57:55 GMT" time="6.088" errors="0">
  <testcase name="autherization" time="6.088" classname="TC_06"/>
</testsuite> <!-- TC_06 -->
